0 info it worked if it ends with ok
1 verbose cli [ 'node', '/usr/local/bin/npm', 'install' ]
2 info using npm@2.0.2
3 info using node@v0.10.28
4 verbose node symlink /usr/local/bin/node
5 warn package.json chatrooms@0.0.1 No description
6 warn package.json chatrooms@0.0.1 No repository field.
7 warn package.json chatrooms@0.0.1 No README data
8 verbose readDependencies using package.json deps
9 verbose install where, deps [ '/Users/heimusu/node', [ 'socket.io', 'mine' ] ]
10 info preinstall chatrooms@0.0.1
11 verbose readDependencies using package.json deps
12 verbose cache add [ 'socket.io@~0.9.6', null ]
13 verbose cache add spec="socket.io@~0.9.6" args=["socket.io@~0.9.6",null]
14 verbose parsed spec { raw: 'socket.io@~0.9.6',
14 verbose parsed spec   scope: null,
14 verbose parsed spec   name: 'socket.io',
14 verbose parsed spec   rawSpec: '~0.9.6',
14 verbose parsed spec   spec: '>=0.9.6 <0.10.0',
14 verbose parsed spec   type: 'range' }
15 verbose cache add [ 'mine@~1.2.7', null ]
16 verbose cache add spec="mine@~1.2.7" args=["mine@~1.2.7",null]
17 verbose parsed spec { raw: 'mine@~1.2.7',
17 verbose parsed spec   scope: null,
17 verbose parsed spec   name: 'mine',
17 verbose parsed spec   rawSpec: '~1.2.7',
17 verbose parsed spec   spec: '>=1.2.7 <1.3.0',
17 verbose parsed spec   type: 'range' }
18 verbose parsed spec { raw: 'socket.io@~0.9.6',
18 verbose parsed spec   scope: null,
18 verbose parsed spec   name: 'socket.io',
18 verbose parsed spec   rawSpec: '~0.9.6',
18 verbose parsed spec   spec: '>=0.9.6 <0.10.0',
18 verbose parsed spec   type: 'range' }
19 verbose addNamed [ 'socket.io', '>=0.9.6 <0.10.0' ]
20 verbose addNamed [ null, '>=0.9.6 <0.10.0' ]
21 verbose parsed spec { raw: 'mine@~1.2.7',
21 verbose parsed spec   scope: null,
21 verbose parsed spec   name: 'mine',
21 verbose parsed spec   rawSpec: '~1.2.7',
21 verbose parsed spec   spec: '>=1.2.7 <1.3.0',
21 verbose parsed spec   type: 'range' }
22 verbose addNamed [ 'mine', '>=1.2.7 <1.3.0' ]
23 verbose addNamed [ null, '>=1.2.7 <1.3.0' ]
24 silly lockFile 490c012d-socket-io-0-9-6-0-10-0 socket.io@>=0.9.6 <0.10.0
25 verbose lock socket.io@>=0.9.6 <0.10.0 /Users/heimusu/.npm/490c012d-socket-io-0-9-6-0-10-0.lock
26 silly lockFile 92f70b3c-mine-1-2-7-1-3-0 mine@>=1.2.7 <1.3.0
27 verbose lock mine@>=1.2.7 <1.3.0 /Users/heimusu/.npm/92f70b3c-mine-1-2-7-1-3-0.lock
28 silly addNameRange { name: 'socket.io', range: '>=0.9.6 <0.10.0', hasData: false }
29 verbose mapToRegistry name socket.io
30 verbose mapToRegistry uri https://registry.npmjs.org/socket.io
31 silly addNameRange { name: 'mine', range: '>=1.2.7 <1.3.0', hasData: false }
32 verbose mapToRegistry name mine
33 verbose mapToRegistry uri https://registry.npmjs.org/mine
34 verbose request on initialization, where is /mine
35 verbose request after pass 1, where is /mine
36 verbose request url raw /mine
37 verbose request resolving registry [ 'https://registry.npmjs.org/', './mine' ]
38 verbose request after pass 2, where is https://registry.npmjs.org/mine
39 verbose request no auth needed
40 info attempt registry request try #1 at 08:05:59
41 verbose request id 61bd4b6db6f6f016
42 verbose etag "BNI6NN4U4DWFCYT2WV0LA0P2T"
43 http request GET https://registry.npmjs.org/mine
44 verbose request on initialization, where is /socket.io
45 verbose request after pass 1, where is /socket.io
46 verbose request url raw /socket.io
47 verbose request resolving registry [ 'https://registry.npmjs.org/', './socket.io' ]
48 verbose request after pass 2, where is https://registry.npmjs.org/socket.io
49 verbose request no auth needed
50 info attempt registry request try #1 at 08:05:59
51 verbose etag "6Y9XR59MPNDMOXMMRHD3ZQ9NJ"
52 http request GET https://registry.npmjs.org/socket.io
53 http 304 https://registry.npmjs.org/socket.io
54 silly registry.get cb [ 304,
54 silly registry.get   { date: 'Thu, 23 Oct 2014 23:05:50 GMT',
54 silly registry.get     server: 'Apache',
54 silly registry.get     via: '1.1 varnish',
54 silly registry.get     'last-modified': 'Thu, 23 Oct 2014 23:05:50 GMT',
54 silly registry.get     'cache-control': 'max-age=60',
54 silly registry.get     etag: '"6Y9XR59MPNDMOXMMRHD3ZQ9NJ"',
54 silly registry.get     age: '0',
54 silly registry.get     'x-served-by': 'cache-ty68-TYO',
54 silly registry.get     'x-cache': 'HIT',
54 silly registry.get     'x-cache-hits': '1',
54 silly registry.get     'x-timer': 'S1414105550.073746,VS0,VE124',
54 silly registry.get     vary: 'Accept',
54 silly registry.get     'content-length': '0',
54 silly registry.get     'keep-alive': 'timeout=10, max=50',
54 silly registry.get     connection: 'Keep-Alive' } ]
55 verbose etag https://registry.npmjs.org/socket.io from cache
56 silly addNameRange number 2 { name: 'socket.io', range: '>=0.9.6 <0.10.0', hasData: true }
57 silly addNameRange versions [ 'socket.io',
57 silly addNameRange   [ '0.3.8',
57 silly addNameRange     '0.4.0',
57 silly addNameRange     '0.4.1',
57 silly addNameRange     '0.5.1',
57 silly addNameRange     '0.5.3',
57 silly addNameRange     '0.6.0',
57 silly addNameRange     '0.6.1',
57 silly addNameRange     '0.6.3',
57 silly addNameRange     '0.6.4',
57 silly addNameRange     '0.6.5',
57 silly addNameRange     '0.6.6',
57 silly addNameRange     '0.6.7',
57 silly addNameRange     '0.6.8',
57 silly addNameRange     '0.6.9',
57 silly addNameRange     '0.6.10',
57 silly addNameRange     '0.6.11',
57 silly addNameRange     '0.6.12',
57 silly addNameRange     '0.6.14',
57 silly addNameRange     '0.6.15',
57 silly addNameRange     '0.6.16',
57 silly addNameRange     '0.6.17',
57 silly addNameRange     '0.6.18',
57 silly addNameRange     '0.7.0',
57 silly addNameRange     '0.7.1',
57 silly addNameRange     '0.7.2',
57 silly addNameRange     '0.7.3',
57 silly addNameRange     '0.7.4',
57 silly addNameRange     '0.7.5',
57 silly addNameRange     '0.7.6',
57 silly addNameRange     '0.7.7',
57 silly addNameRange     '0.7.8',
57 silly addNameRange     '0.7.9',
57 silly addNameRange     '0.7.10',
57 silly addNameRange     '0.7.11',
57 silly addNameRange     '0.8.0',
57 silly addNameRange     '0.8.1',
57 silly addNameRange     '0.8.2',
57 silly addNameRange     '0.8.3',
57 silly addNameRange     '0.8.4',
57 silly addNameRange     '0.8.5',
57 silly addNameRange     '0.8.6',
57 silly addNameRange     '0.8.7',
57 silly addNameRange     '0.9.0',
57 silly addNameRange     '0.9.1',
57 silly addNameRange     '0.9.1-1',
57 silly addNameRange     '0.9.2',
57 silly addNameRange     '0.9.3',
57 silly addNameRange     '0.9.4',
57 silly addNameRange     '0.9.5',
57 silly addNameRange     '0.9.6',
57 silly addNameRange     '0.9.7',
57 silly addNameRange     '0.9.8',
57 silly addNameRange     '0.9.9',
57 silly addNameRange     '0.9.10',
57 silly addNameRange     '0.9.11',
57 silly addNameRange     '0.9.12',
57 silly addNameRange     '0.9.13',
57 silly addNameRange     '0.9.14',
57 silly addNameRange     '0.9.15',
57 silly addNameRange     '0.9.16',
57 silly addNameRange     '1.0.0-pre',
57 silly addNameRange     '1.0.0-pre2',
57 silly addNameRange     '1.0.0-pre3',
57 silly addNameRange     '1.0.0-pre4',
57 silly addNameRange     '1.0.0-pre5',
57 silly addNameRange     '0.9.17',
57 silly addNameRange     '1.0.0',
57 silly addNameRange     '1.0.1',
57 silly addNameRange     '1.0.2',
57 silly addNameRange     '1.0.3',
57 silly addNameRange     '1.0.4',
57 silly addNameRange     '1.0.5',
57 silly addNameRange     '1.0.6',
57 silly addNameRange     '1.1.0' ] ]
58 verbose addNamed [ 'socket.io', '0.9.17' ]
59 verbose addNamed [ '0.9.17', '0.9.17' ]
60 silly lockFile 1593240a-socket-io-0-9-17 socket.io@0.9.17
61 verbose lock socket.io@0.9.17 /Users/heimusu/.npm/1593240a-socket-io-0-9-17.lock
62 silly lockFile 1593240a-socket-io-0-9-17 socket.io@0.9.17
63 silly lockFile 1593240a-socket-io-0-9-17 socket.io@0.9.17
64 silly lockFile 490c012d-socket-io-0-9-6-0-10-0 socket.io@>=0.9.6 <0.10.0
65 silly lockFile 490c012d-socket-io-0-9-6-0-10-0 socket.io@>=0.9.6 <0.10.0
66 http 503 https://registry.npmjs.org/mine
67 verbose bad json <?xml version="1.0" encoding="utf-8"?>
67 verbose bad json <!DOCTYPE html PUBLIC "-//W3C//DTD XHTML 1.0 Strict//EN"
67 verbose bad json  "http://www.w3.org/TR/xhtml1/DTD/xhtml1-strict.dtd">
67 verbose bad json <html>
67 verbose bad json   <head>
67 verbose bad json     <title>503 backend read error</title>
67 verbose bad json   </head>
67 verbose bad json   <body>
67 verbose bad json     <h1>Error 503 backend read error</h1>
67 verbose bad json     <p>backend read error</p>
67 verbose bad json     <h3>Guru Mediation:</h3>
67 verbose bad json     <p>Details: cache-ty67-TYO 1414105550 1474217011</p>
67 verbose bad json     <hr>
67 verbose bad json     <p>Varnish cache server</p>
67 verbose bad json   </body>
67 verbose bad json </html>
68 error registry error parsing json
69 info retry will retry, error on last attempt: SyntaxError: Unexpected token <
69 info retry
69 info retry <?xml version="1.0" encoding="utf-8"?>
69 info retry <!DOCTYPE html PUBLIC "-//W3C//DTD XHTML 1.0 Strict//EN"
69 info retry  "http://www.w3.org/TR/xhtml1/DTD/xhtml1-strict.dtd">
69 info retry <html>
69 info retry   <head>
69 info retry     <title>503 backend read error</title>
69 info retry   </head>
69 info retry   <body>
69 info retry     <h1>Error 503 backend read error</h1>
69 info retry     <p>backend read error</p>
69 info retry     <h3>Guru Mediation:</h3>
69 info retry     <p>Details: cache-ty67-TYO 1414105550 1474217011</p>
69 info retry     <hr>
69 info retry     <p>Varnish cache server</p>
69 info retry   </body>
69 info retry </html>
70 info attempt registry request try #2 at 08:06:10
71 verbose etag "BNI6NN4U4DWFCYT2WV0LA0P2T"
72 http request GET https://registry.npmjs.org/mine
73 http 304 https://registry.npmjs.org/mine
74 silly registry.get cb [ 304,
74 silly registry.get   { date: 'Thu, 23 Oct 2014 23:06:00 GMT',
74 silly registry.get     server: 'Apache',
74 silly registry.get     via: '1.1 varnish',
74 silly registry.get     'last-modified': 'Thu, 23 Oct 2014 23:06:01 GMT',
74 silly registry.get     'cache-control': 'max-age=60',
74 silly registry.get     etag: '"BNI6NN4U4DWFCYT2WV0LA0P2T"',
74 silly registry.get     age: '0',
74 silly registry.get     'x-served-by': 'cache-ty68-TYO',
74 silly registry.get     'x-cache': 'MISS',
74 silly registry.get     'x-cache-hits': '0',
74 silly registry.get     'x-timer': 'S1414105560.848408,VS0,VE190',
74 silly registry.get     vary: 'Accept',
74 silly registry.get     'content-length': '0',
74 silly registry.get     'keep-alive': 'timeout=10, max=50',
74 silly registry.get     connection: 'Keep-Alive' } ]
75 verbose etag https://registry.npmjs.org/mine from cache
76 silly addNameRange number 2 { name: 'mine', range: '>=1.2.7 <1.3.0', hasData: true }
77 silly addNameRange versions [ 'mine', [ '0.0.0', '0.0.1', '0.0.2', '0.1.0' ] ]
78 silly lockFile 92f70b3c-mine-1-2-7-1-3-0 mine@>=1.2.7 <1.3.0
79 silly lockFile 92f70b3c-mine-1-2-7-1-3-0 mine@>=1.2.7 <1.3.0
80 verbose stack Error: No compatible version found: mine@'>=1.2.7 <1.3.0'
80 verbose stack Valid install targets:
80 verbose stack ["0.0.0","0.0.1","0.0.2","0.1.0"]
80 verbose stack
80 verbose stack     at installTargetsError (/usr/local/lib/node_modules/npm/lib/cache/add-named.js:258:12)
80 verbose stack     at next (/usr/local/lib/node_modules/npm/lib/cache/add-named.js:237:17)
80 verbose stack     at setData (/usr/local/lib/node_modules/npm/lib/cache/add-named.js:214:5)
80 verbose stack     at saved (/usr/local/lib/node_modules/npm/node_modules/npm-registry-client/lib/get.js:167:7)
80 verbose stack     at Object.oncomplete (fs.js:107:15)
81 verbose cwd /Users/heimusu/node
82 error Darwin 14.0.0
83 error argv "node" "/usr/local/bin/npm" "install"
84 error node v0.10.28
85 error npm  v2.0.2
86 error code ETARGET
87 error notarget No compatible version found: mine@'>=1.2.7 <1.3.0'
87 error notarget Valid install targets:
87 error notarget ["0.0.0","0.0.1","0.0.2","0.1.0"]
87 error notarget
87 error notarget This is most likely not a problem with npm itself.
87 error notarget In most cases you or one of your dependencies are requesting
87 error notarget a package version that doesn't exist.
88 verbose exit [ 1, true ]
